[8851:8851:1214/123353.599721:ERROR:interface_endpoint_client.cc(702)] Message 0 rejected by interface blink.mojom.WidgetHost
Fontconfig error: Cannot load default config file: No such file: (null)
[10179:10208:1216/165937.194770:ERROR:connection_factory_impl.cc(428)] Failed to connect to MCS endpoint with error -106
[10179:10208:1216/170000.354960:ERROR:connection_factory_impl.cc(428)] Failed to connect to MCS endpoint with error -106
[10179:10179:1216/170008.014925:ERROR:account_info_fetcher.cc(62)] OnGetTokenFailure: Connection failed (-106).
[10179:10208:1216/170015.312270:ERROR:connection_factory_impl.cc(428)] Failed to connect to MCS endpoint with error -105
Opening in existing browser session.
Fontconfig error: Cannot load default config file: No such file: (null)
[10179:10179:1216/180614.494712:ERROR:browser_main_loop.cc(276)] Gdk: gdk_monitor_get_scale_factor: assertion 'GDK_IS_MONITOR (monitor)' failed
[10179:10179:1216/180614.509527:ERROR:browser_main_loop.cc(276)] Gdk: gdk_monitor_get_scale_factor: assertion 'GDK_IS_MONITOR (monitor)' failed
[10179:10179:1216/180614.515846:ERROR:browser_main_loop.cc(276)] Gdk: gdk_monitor_get_scale_factor: assertion 'GDK_IS_MONITOR (monitor)' failed
[10179:10179:1216/180615.295185:ERROR:browser_main_loop.cc(276)] Gdk: gdk_monitor_get_scale_factor: assertion 'GDK_IS_MONITOR (monitor)' failed
[10179:10179:1216/180615.302943:ERROR:browser_main_loop.cc(276)] Gdk: gdk_monitor_get_scale_factor: assertion 'GDK_IS_MONITOR (monitor)' failed
[10179:10179:1216/180615.947075:ERROR:browser_main_loop.cc(276)] Gdk: gdk_monitor_get_scale_factor: assertion 'GDK_IS_MONITOR (monitor)' failed
[10179:10179:1216/180615.950507:ERROR:browser_main_loop.cc(276)] Gdk: gdk_monitor_get_scale_factor: assertion 'GDK_IS_MONITOR (monitor)' failed
[10179:10179:1216/180616.812174:ERROR:browser_main_loop.cc(276)] Gdk: gdk_monitor_get_scale_factor: assertion 'GDK_IS_MONITOR (monitor)' failed
[10179:10179:1216/180616.823283:ERROR:browser_main_loop.cc(276)] Gdk: gdk_monitor_get_scale_factor: assertion 'GDK_IS_MONITOR (monitor)' failed
[10179:10179:1216/180616.826429:ERROR:browser_main_loop.cc(276)] Gdk: gdk_monitor_get_scale_factor: assertion 'GDK_IS_MONITOR (monitor)' failed
[10179:10179:1216/180616.834262:ERROR:browser_main_loop.cc(276)] Gdk: gdk_monitor_get_scale_factor: assertion 'GDK_IS_MONITOR (monitor)' failed
[10179:10179:1216/180617.871996:ERROR:browser_main_loop.cc(276)] Gdk: gdk_monitor_get_scale_factor: assertion 'GDK_IS_MONITOR (monitor)' failed
[10179:10179:1216/180617.880195:ERROR:browser_main_loop.cc(276)] Gdk: gdk_monitor_get_scale_factor: assertion 'GDK_IS_MONITOR (monitor)' failed
[10179:10179:1216/180617.886531:ERROR:browser_main_loop.cc(276)] Gdk: gdk_monitor_get_scale_factor: assertion 'GDK_IS_MONITOR (monitor)' failed
